2021-06-28 13:01:01.551  WARN 3568 --- [HikariPool-11 housekeeper] com.zaxxer.hikari.pool.HikariPool        : HikariPool-11 - Thread starvation or clock leap detected (housekeeper delta=15h10m22s877ms342µs700ns).
2021-06-28 13:10:58.693  INFO 3568 --- [restartedMain] .EmployeePayrollSpringProjectApplication : Starting EmployeePayrollSpringProjectApplication using Java 15.0.2 on DESKTOP-HDF8SSB with PID 3568 (D:\SpringFrameWork\workspace-spring-tool-suite-4-4.10.0.RELEASE\EmployeePayrollSpringProject\bin\main started by Saket Jain in D:\SpringFrameWork\workspace-spring-tool-suite-4-4.10.0.RELEASE\EmployeePayrollSpringProject)
2021-06-28 13:10:58.694 DEBUG 3568 --- [restartedMain] .EmployeePayrollSpringProjectApplication : Running with Spring Boot v2.5.1, Spring v5.3.8
2021-06-28 13:10:58.701  INFO 3568 --- [restartedMain] .EmployeePayrollSpringProjectApplication : No active profile set, falling back to default profiles: default
2021-06-28 13:10:59.676  WARN 3568 --- [restartedMain] JpaBaseConfiguration$JpaWebConfiguration : spring.jpa.open-in-view is enabled by default. Therefore, database queries may be performed during view rendering. Explicitly configure spring.jpa.open-in-view to disable this warning
2021-06-28 13:10:59.971  INFO 3568 --- [restartedMain] .EmployeePayrollSpringProjectApplication : Started EmployeePayrollSpringProjectApplication in 1.362 seconds (JVM running for 56870.779)
2021-06-28 13:10:59.975  INFO 3568 --- [restartedMain] .EmployeePayrollSpringProjectApplication : Employee Payroll app started in COMMON environment
2021-06-28 13:12:54.099  INFO 3568 --- [restartedMain] .EmployeePayrollSpringProjectApplication : Starting EmployeePayrollSpringProjectApplication using Java 15.0.2 on DESKTOP-HDF8SSB with PID 3568 (D:\SpringFrameWork\workspace-spring-tool-suite-4-4.10.0.RELEASE\EmployeePayrollSpringProject\bin\main started by Saket Jain in D:\SpringFrameWork\workspace-spring-tool-suite-4-4.10.0.RELEASE\EmployeePayrollSpringProject)
2021-06-28 13:12:54.099 DEBUG 3568 --- [restartedMain] .EmployeePayrollSpringProjectApplication : Running with Spring Boot v2.5.1, Spring v5.3.8
2021-06-28 13:12:54.100  INFO 3568 --- [restartedMain] .EmployeePayrollSpringProjectApplication : No active profile set, falling back to default profiles: default
2021-06-28 13:12:54.841  WARN 3568 --- [restartedMain] JpaBaseConfiguration$JpaWebConfiguration : spring.jpa.open-in-view is enabled by default. Therefore, database queries may be performed during view rendering. Explicitly configure spring.jpa.open-in-view to disable this warning
2021-06-28 13:12:55.093  INFO 3568 --- [restartedMain] .EmployeePayrollSpringProjectApplication : Started EmployeePayrollSpringProjectApplication in 1.052 seconds (JVM running for 56985.902)
2021-06-28 13:12:55.097  INFO 3568 --- [restartedMain] .EmployeePayrollSpringProjectApplication : Employee Payroll app started in COMMON environment
2021-06-28 13:13:19.780  INFO 3568 --- [restartedMain] .EmployeePayrollSpringProjectApplication : Starting EmployeePayrollSpringProjectApplication using Java 15.0.2 on DESKTOP-HDF8SSB with PID 3568 (D:\SpringFrameWork\workspace-spring-tool-suite-4-4.10.0.RELEASE\EmployeePayrollSpringProject\bin\main started by Saket Jain in D:\SpringFrameWork\workspace-spring-tool-suite-4-4.10.0.RELEASE\EmployeePayrollSpringProject)
2021-06-28 13:13:19.780 DEBUG 3568 --- [restartedMain] .EmployeePayrollSpringProjectApplication : Running with Spring Boot v2.5.1, Spring v5.3.8
2021-06-28 13:13:19.781  INFO 3568 --- [restartedMain] .EmployeePayrollSpringProjectApplication : No active profile set, falling back to default profiles: default
2021-06-28 13:13:20.516  WARN 3568 --- [restartedMain] JpaBaseConfiguration$JpaWebConfiguration : spring.jpa.open-in-view is enabled by default. Therefore, database queries may be performed during view rendering. Explicitly configure spring.jpa.open-in-view to disable this warning
2021-06-28 13:13:20.779  INFO 3568 --- [restartedMain] .EmployeePayrollSpringProjectApplication : Started EmployeePayrollSpringProjectApplication in 1.061 seconds (JVM running for 57011.588)
2021-06-28 13:13:20.786  INFO 3568 --- [restartedMain] .EmployeePayrollSpringProjectApplication : Employee Payroll app started in COMMON environment
2021-06-28 13:13:41.468  INFO 3568 --- [restartedMain] .EmployeePayrollSpringProjectApplication : Starting EmployeePayrollSpringProjectApplication using Java 15.0.2 on DESKTOP-HDF8SSB with PID 3568 (D:\SpringFrameWork\workspace-spring-tool-suite-4-4.10.0.RELEASE\EmployeePayrollSpringProject\bin\main started by Saket Jain in D:\SpringFrameWork\workspace-spring-tool-suite-4-4.10.0.RELEASE\EmployeePayrollSpringProject)
2021-06-28 13:13:41.469 DEBUG 3568 --- [restartedMain] .EmployeePayrollSpringProjectApplication : Running with Spring Boot v2.5.1, Spring v5.3.8
2021-06-28 13:13:41.469  INFO 3568 --- [restartedMain] .EmployeePayrollSpringProjectApplication : No active profile set, falling back to default profiles: default
2021-06-28 13:13:42.260  WARN 3568 --- [restartedMain] JpaBaseConfiguration$JpaWebConfiguration : spring.jpa.open-in-view is enabled by default. Therefore, database queries may be performed during view rendering. Explicitly configure spring.jpa.open-in-view to disable this warning
2021-06-28 13:13:42.478  INFO 3568 --- [restartedMain] .EmployeePayrollSpringProjectApplication : Started EmployeePayrollSpringProjectApplication in 1.062 seconds (JVM running for 57033.286)
2021-06-28 13:13:42.482  INFO 3568 --- [restartedMain] .EmployeePayrollSpringProjectApplication : Employee Payroll app started in COMMON environment
